 
****************************************
Report : area
Design : MustangTLC
Version: O-2018.06-SP1
Date   : Sun Oct  8 02:43:33 2023
****************************************

Library(s) Used:

    IBM_CMOS8HP_SS125 (File: /apps/design_kits/ibm_kits/IBM_IP/ibm_cmos8hp/std_cell/sc/v.20110613/synopsys/ss_125/IBM_CMOS8HP_SS125.db)

Number of ports:                           11
Number of nets:                           113
Number of cells:                          102
Number of combinational cells:             93
Number of sequential cells:                 9
Number of macros/black boxes:               0
Number of buf/inv:                         54
Number of references:                      35

Combinational area:               1223.040015
Buf/Inv area:                      631.680007
Noncombinational area:             362.879997
Macro/Black Box area:                0.000000
Net Interconnect area:      undefined  (Wire load has zero net area)

Total cell area:                  1585.920012
Total area:                 undefined

Hierarchical area distribution
------------------------------

                                  Global cell area          Local cell area
                                  ------------------  ---------------------------- 
Hierarchical cell                 Absolute   Percent  Combi-     Noncombi-  Black-
                                  Total      Total    national   national   boxes   Design
--------------------------------  ---------  -------  ---------  ---------  ------  ---------
MustangTLC                        1585.9200    100.0  1223.0400   362.8800  0.0000  MustangTLC
--------------------------------  ---------  -------  ---------  ---------  ------  ---------
Total                                                 1223.0400   362.8800  0.0000

1
